2014/06/21 16:42:23 [error] [exception.CException] exception 'CException' with message 'CAssetManager.basePath "/var/www/yii/assets" is invalid. Please make sure the directory exists and is writable by the Web server process.' in /var/www/yii/framework/web/CAssetManager.php:138
Stack trace:
#0 /var/www/yii/framework/web/CAssetManager.php(123): CAssetManager->setBasePath('/var/www/yii/as...')
#1 /var/www/yii/framework/web/CAssetManager.php(217): CAssetManager->getBasePath()
#2 /var/www/yii/framework/web/CClientScript.php(510): CAssetManager->publish('/var/www/yii/fr...')
#3 /var/www/yii/framework/web/CClientScript.php(547): CClientScript->getCoreScriptUrl()
#4 /var/www/yii/framework/web/CClientScript.php(348): CClientScript->getPackageBaseUrl('jquery')
#5 /var/www/yii/framework/web/CClientScript.php(208): CClientScript->renderCoreScripts()
#6 /var/www/yii/framework/web/CController.php(351): CClientScript->render('<!DOCTYPE html ...')
#7 /var/www/yii/framework/web/CController.php(788): CController->processOutput('<!DOCTYPE html ...')
#8 /var/www/yii/protected/controllers/SiteController.php(72): CController->render('contact', Array)
#9 /var/www/yii/framework/web/actions/CInlineAction.php(49): SiteController->actionContact()
#10 /var/www/yii/framework/web/CController.php(308): CInlineAction->runWithParams(Array)
#11 /var/www/yii/framework/web/CController.php(286): CController->runAction(Object(CInlineAction))
#12 /var/www/yii/framework/web/CController.php(265): CController->runActionWithFilters(Object(CInlineAction), Array)
#13 /var/www/yii/framework/web/CWebApplication.php(282): CController->run('contact')
#14 /var/www/yii/framework/web/CWebApplication.php(141): CWebApplication->runController('site/contact')
#15 /var/www/yii/framework/base/CApplication.php(180): CWebApplication->processRequest()
#16 /var/www/yii/index.php(13): CApplication->run()
#17 {main}
REQUEST_URI=/index.php?r=site/contact
HTTP_REFERER=http://yii/index.php?r=site/page&view=about
---
2014/06/21 16:54:09 [error] [exception.CException] exception 'CException' with message 'Property "SiteController.breadcrumbs" is not defined.' in /var/www/yii/framework/base/CComponent.php:173
Stack trace:
#0 /var/www/yii/protected/views/site/pages/about.php(5): CComponent->__set('breadcrumbs', Array)
#1 /var/www/yii/framework/web/CBaseController.php(126): require('/var/www/yii/pr...')
#2 /var/www/yii/framework/web/CBaseController.php(95): CBaseController->renderInternal('/var/www/yii/pr...', NULL, true)
#3 /var/www/yii/framework/web/CController.php(869): CBaseController->renderFile('/var/www/yii/pr...', NULL, true)
#4 /var/www/yii/framework/web/CController.php(782): CController->renderPartial('pages/about', NULL, true)
#5 /var/www/yii/framework/web/actions/CViewAction.php(140): CController->render('pages/about')
#6 /var/www/yii/framework/web/actions/CAction.php(76): CViewAction->run()
#7 /var/www/yii/framework/web/CController.php(308): CAction->runWithParams(Array)
#8 /var/www/yii/framework/web/CController.php(286): CController->runAction(Object(CViewAction))
#9 /var/www/yii/framework/web/CController.php(265): CController->runActionWithFilters(Object(CViewAction), Array)
#10 /var/www/yii/framework/web/CWebApplication.php(282): CController->run('page')
#11 /var/www/yii/framework/web/CWebApplication.php(141): CWebApplication->runController('site/page')
#12 /var/www/yii/framework/base/CApplication.php(180): CWebApplication->processRequest()
#13 /var/www/yii/index.php(13): CApplication->run()
#14 {main}
REQUEST_URI=/index.php?r=site/page&view=about
HTTP_REFERER=http://yii/index.php?r=site/index
---
